<?xml version="1.0" encoding="UTF-8"?>
<testng-results ignored="0" total="1" passed="1" failed="0" skipped="0">
  <reporter-output>
  </reporter-output>
  <suite started-at="2022-10-06T20:21:25 IST" name="Default suite" finished-at="2022-10-06T20:21:59 IST" duration-ms="34388">
    <groups>
    </groups>
    <test started-at="2022-10-06T20:21:25 IST" name="Default test" finished-at="2022-10-06T20:21:59 IST" duration-ms="34388">
      <class name="Test.TestClass">
        <test-method is-config="true" signature="BrowserOpnig()[pri:0, instance:Test.TestClass@6c1a5b54]" started-at="2022-10-06T20:21:25 IST" name="BrowserOpnig" finished-at="2022-10-06T20:21:36 IST" duration-ms="10680" status="PASS">
          <reporter-output>
          </reporter-output>
        </test-method> <!-- BrowserOpnig -->
        <test-method is-config="true" signature="Login()[pri:0, instance:Test.TestClass@6c1a5b54]" started-at="2022-10-06T20:21:36 IST" name="Login" finished-at="2022-10-06T20:21:47 IST" duration-ms="11439" status="PASS">
          <reporter-output>
          </reporter-output>
        </test-method> <!-- Login -->
        <test-method signature="Verifying()[pri:0, instance:Test.TestClass@6c1a5b54]" started-at="2022-10-06T20:21:47 IST" name="Verifying" finished-at="2022-10-06T20:21:47 IST" duration-ms="75" status="PASS">
          <reporter-output>
          </reporter-output>
        </test-method> <!-- Verifying -->
        <test-method is-config="true" signature="CloseApp(org.testng.ITestResult)[pri:0, instance:Test.TestClass@6c1a5b54]" started-at="2022-10-06T20:21:47 IST" name="CloseApp" finished-at="2022-10-06T20:21:59 IST" duration-ms="11842" status="PASS">
          <params>
            <param index="0">
              <value>
                <![CDATA[[TestResult name=Verifying status=SUCCESS method=TestClass.Verifying()[pri:0, instance:Test.TestClass@6c1a5b54] output={null}]]]>
              </value>
            </param>
          </params>
          <reporter-output>
          </reporter-output>
        </test-method> <!-- CloseApp -->
        <test-method is-config="true" signature="CloseBrowser()[pri:0, instance:Test.TestClass@6c1a5b54]" started-at="2022-10-06T20:21:59 IST" name="CloseBrowser" finished-at="2022-10-06T20:21:59 IST" duration-ms="252" status="PASS">
          <reporter-output>
          </reporter-output>
        </test-method> <!-- CloseBrowser -->
      </class> <!-- Test.TestClass -->
    </test> <!-- Default test -->
  </suite> <!-- Default suite -->
</testng-results>
